Copyright 1986-2022 Xilinx, Inc. All Rights Reserved.
----------------------------------------------------------------------------------------------------
| Tool Version : Vivado v.2022.1 (win64) Build 3526262 Mon Apr 18 15:48:16 MDT 2022
| Date         : Fri Jan 13 11:05:30 2023
| Host         : VALERIOPAGLFEF1 running 64-bit major release  (build 9200)
| Command      : upgrade_project -migrate_output_products
| Project_Path : C:/XilinxProjects/redpitaya-fpga-example-template/adc_dac_control.xpr
----------------------------------------------------------------------------------------------------

Project Status Summary

1. Project IP Status
--------------------
This project contains 0 IP and 1 Block Designs.


1.1 Project IP Instances
+-------------------------------+-------------------------+-------------------------------------+-------------------------------------+
| Instance Name                 | Status                  | Reason                              | Recommendation                      |
+-------------------------------+-------------------------+-------------------------------------+-------------------------------------+
| system_adc_processing_0_0     | Will be Migrated.       |                                     |                                     |
+-------------------------------+-------------------------+-------------------------------------+-------------------------------------+
| system_processing_system7_0_0 | Will be Migrated.       |                                     |                                     |
+-------------------------------+-------------------------+-------------------------------------+-------------------------------------+
| system_util_ds_buf_1_0        | Will be Migrated.       |                                     |                                     |
+-------------------------------+-------------------------+-------------------------------------+-------------------------------------+
| system_util_ds_buf_2_0        | Will be Migrated.       |                                     |                                     |
+-------------------------------+-------------------------+-------------------------------------+-------------------------------------+


1.2 Project Block Designs
+--------+-------------------------+-------------------------------------+-------------------------------------+
| Design | Status                  | Reason                              | Recommendation                      |
| Name   |                         |                                     |                                     |
+--------+-------------------------+-------------------------------------+-------------------------------------+
| system | Will be Migrated.       |                                     |                                     |
+--------+-------------------------+-------------------------------------+-------------------------------------+



